0 verbose cli [
0 verbose cli   'C:\\Program Files\\nodejs\\node.exe',
0 verbose cli   'C:\\Program Files\\nodejs\\node_modules\\npm\\bin\\npm-cli.js',
0 verbose cli   'start'
0 verbose cli ]
1 info using npm@7.0.14
2 info using node@v15.3.0
3 timing config:load:defaults Completed in 2ms
4 timing config:load:file:C:\Program Files\nodejs\node_modules\npm\npmrc Completed in 2ms
5 timing config:load:builtin Completed in 3ms
6 timing config:load:cli Completed in 3ms
7 timing config:load:env Completed in 1ms
8 timing config:load:file:C:\Users\My HP\Desktop\Project_Vivek-sir\.npmrc Completed in 1ms
9 timing config:load:project Completed in 2ms
10 timing config:load:file:C:\Users\My HP\.npmrc Completed in 1ms
11 timing config:load:user Completed in 1ms
12 timing config:load:file:C:\Users\My HP\AppData\Roaming\npm\etc\npmrc Completed in 0ms
13 timing config:load:global Completed in 0ms
14 timing config:load:cafile Completed in 1ms
15 timing config:load:validate Completed in 1ms
16 timing config:load:setUserAgent Completed in 1ms
17 timing config:load:setEnvs Completed in 1ms
18 timing config:load Completed in 16ms
19 verbose npm-session d4b59b57351341e9
20 timing npm:load Completed in 30ms
21 timing command:run-script Completed in 3ms
22 timing command:start Completed in 150ms
23 verbose stack Error: ENOENT: no such file or directory, open 'C:\Users\My HP\Desktop\Project_Vivek-sir\package.json'
24 verbose cwd C:\Users\My HP\Desktop\Project_Vivek-sir
25 verbose Windows_NT 10.0.10240
26 verbose argv "C:\\Program Files\\nodejs\\node.exe" "C:\\Program Files\\nodejs\\node_modules\\npm\\bin\\npm-cli.js" "start"
27 verbose node v15.3.0
28 verbose npm  v7.0.14
29 error code ENOENT
30 error syscall open
31 error path C:\Users\My HP\Desktop\Project_Vivek-sir/package.json
32 error errno -4058
33 error enoent ENOENT: no such file or directory, open 'C:\Users\My HP\Desktop\Project_Vivek-sir\package.json'
34 error enoent This is related to npm not being able to find a file.
35 verbose exit -4058
